# JRE version: OpenJDK Runtime Environment (11.0.3+7) (build 11.0.3+7)
# Java VM: OpenJDK 64-Bit Server VM (11.0.3+7, mixed mode, tiered, compressed oops, g1 gc, windows-amd64)
Heap:
 garbage-first heap   total 442368K, used 289056K [0x00000000c0000000, 0x0000000100000000)
  region size 1024K, 189 young (193536K), 2 survivors (2048K)
 Metaspace       used 128005K, capacity 137264K, committed 137728K, reserved 1169408K
  class space    used 14176K, capacity 17260K, committed 17408K, reserved 1048576K
GC Heap History (10 events):
Event: 6467.877 GC heap before
{Heap before GC invocations=50 (full 0):
 garbage-first heap   total 442368K, used 373008K [0x00000000c0000000, 0x0000000100000000)
  region size 1024K, 115 young (117760K), 8 survivors (8192K)
 Metaspace       used 117825K, capacity 127188K, committed 127488K, reserved 1161216K
  class space    used 13099K, capacity 16074K, committed 16128K, reserved 1048576K
}
Event: 6467.888 GC heap after
{Heap after GC invocations=51 (full 0):
 garbage-first heap   total 442368K, used 265132K [0x00000000c0000000, 0x0000000100000000)
  region size 1024K, 8 young (8192K), 8 survivors (8192K)
 Metaspace       used 117825K, capacity 127188K, committed 127488K, reserved 1161216K
  class space    used 13099K, capacity 16074K, committed 16128K, reserved 1048576K
}
Event: 10153.818 GC heap before
{Heap before GC invocations=51 (full 0):
 garbage-first heap   total 442368K, used 361388K [0x00000000c0000000, 0x0000000100000000)
  region size 1024K, 99 young (101376K), 8 survivors (8192K)
 Metaspace       used 126322K, capacity 135858K, committed 136064K, reserved 1167360K
  class space    used 14063K, capacity 17191K, committed 17280K, reserved 1048576K
}
Event: 10153.831 GC heap after
{Heap after GC invocations=52 (full 0):
 garbage-first heap   total 442368K, used 267193K [0x00000000c0000000, 0x0000000100000000)
  region size 1024K, 8 young (8192K), 8 survivors (8192K)
 Metaspace       used 126322K, capacity 135858K, committed 136064K, reserved 1167360K
  class space    used 14063K, capacity 17191K, committed 17280K, reserved 1048576K
}
Event: 10162.675 GC heap before
{Heap before GC invocations=53 (full 0):
 garbage-first heap   total 442368K, used 265145K [0x00000000c0000000, 0x0000000100000000)
  region size 1024K, 116 young (118784K), 8 survivors (8192K)
 Metaspace       used 126552K, capacity 136017K, committed 136576K, reserved 1169408K
  class space    used 14025K, capacity 17084K, committed 17280K, reserved 1048576K
}
Event: 10162.685 GC heap after
{Heap after GC invocations=54 (full 0):
 garbage-first heap   total 442368K, used 152653K [0x00000000c0000000, 0x0000000100000000)
  region size 1024K, 8 young (8192K), 8 survivors (8192K)
 Metaspace       used 126552K, capacity 136017K, committed 136576K, reserved 1169408K
  class space    used 14025K, capacity 17084K, committed 17280K, reserved 1048576K
}
Event: 10162.701 GC heap before
{Heap before GC invocations=54 (full 0):
 garbage-first heap   total 442368K, used 165965K [0x00000000c0000000, 0x0000000100000000)
  region size 1024K, 21 young (21504K), 8 survivors (8192K)
 Metaspace       used 126554K, capacity 136017K, committed 136576K, reserved 1169408K
  class space    used 14025K, capacity 17084K, committed 17280K, reserved 1048576K
}
Event: 10162.720 GC heap after
{Heap after GC invocations=55 (full 0):
 garbage-first heap   total 442368K, used 109563K [0x00000000c0000000, 0x0000000100000000)
  region size 1024K, 2 young (2048K), 2 survivors (2048K)
 Metaspace       used 126554K, capacity 136017K, committed 136576K, reserved 1169408K
  class space    used 14025K, capacity 17084K, committed 17280K, reserved 1048576K
}
Event: 10162.743 GC heap before
{Heap before GC invocations=55 (full 0):
 garbage-first heap   total 442368K, used 127995K [0x00000000c0000000, 0x0000000100000000)
  region size 1024K, 21 young (21504K), 2 survivors (2048K)
 Metaspace       used 126554K, capacity 136017K, committed 136576K, reserved 1169408K
  class space    used 14025K, capacity 17084K, committed 17280K, reserved 1048576K
}
Event: 10162.751 GC heap after
{Heap after GC invocations=56 (full 0):
 garbage-first heap   total 442368K, used 98592K [0x00000000c0000000, 0x0000000100000000)
  region size 1024K, 2 young (2048K), 2 survivors (2048K)
 Metaspace       used 126554K, capacity 136017K, committed 136576K, reserved 1169408K
  class space    used 14025K, capacity 17084K, committed 17280K, reserved 1048576K
}

